total 108K
drwxr-xr-x.  16 root root 4.0K Mar  8 06:59 .
drwxr-xr-x.  16 root root 4.0K Mar  8 06:59 ..
-rwxr-xr-x.   1 root root    0 Mar  8 06:59 .dockerenv
-rw-r--r--.   1 root root  12K Nov 13 01:55 anaconda-post.log
-rwxr-xr-x.   1 root root  182 Jan  1  1970 apply.sh
lrwxrwxrwx.   1 root root    7 Nov 13 01:53 bin -> usr/bin
drwxr-xr-x.  14 root root 3.2K Mar  8 06:59 dev
drwxr-xr-x.  47 root root 4.0K Mar  8 06:59 etc
drwxr-xr-x.   2 root root    6 Apr 11  2018 home
-rw-r--r--.   1 root root 5.6K Jan  1  1970 kubeconfig.kubeconfig
lrwxrwxrwx.   1 root root    7 Nov 13 01:53 lib -> usr/lib
lrwxrwxrwx.   1 root root    9 Nov 13 01:53 lib64 -> usr/lib64
-rw-r--r--.   1 root root  65K Jan  1  1970 list.yaml
drwxr-xr-x.   2 root root    6 Apr 11  2018 media
drwxr-xr-x.   2 root root    6 Apr 11  2018 mnt
-rw-r--r--.   1 root root    9 Jan  1  1970 namespace-file
drwxr-xr-x.   2 root root    6 Apr 11  2018 opt
dr-xr-xr-x. 488 root root    0 Feb 23 04:02 proc
dr-xr-x---.   3 root root  126 Dec 14 20:54 root
drwxr-xr-x.  12 root root  184 Dec 14 21:13 run
lrwxrwxrwx.   1 root root    8 Nov 13 01:53 sbin -> usr/sbin
drwxr-xr-x.   2 root root    6 Apr 11  2018 srv
dr-xr-xr-x.  13 root root    0 Feb 23 04:02 sys
drwxrwxrwt.   7 root root  132 Dec 14 21:13 tmp
drwxr-xr-x.  13 root root  155 Nov 13 01:53 usr
drwxr-xr-x.  18 root root  238 Nov 13 01:54 var
imagestream.image.openshift.io/dotnet created
imagestream.image.openshift.io/httpd created
imagestream.image.openshift.io/jenkins created
imagestream.image.openshift.io/mariadb created
imagestream.image.openshift.io/mongodb created
imagestream.image.openshift.io/mysql created
imagestream.image.openshift.io/nginx created
imagestream.image.openshift.io/nodejs created
imagestream.image.openshift.io/perl created
imagestream.image.openshift.io/php created
imagestream.image.openshift.io/postgresql created
imagestream.image.openshift.io/python created
imagestream.image.openshift.io/redis created
imagestream.image.openshift.io/ruby created
imagestream.image.openshift.io/wildfly created
