openshift-web-console-operator
total 52K
drwxr-xr-x.  16 root root 4.0K Mar  8 06:59 .
drwxr-xr-x.  16 root root 4.0K Mar  8 06:59 ..
-rwxr-xr-x.   1 root root    0 Mar  8 06:59 .dockerenv
-rw-r--r--.   1 root root  12K Nov 13 01:55 anaconda-post.log
lrwxrwxrwx.   1 root root    7 Nov 13 01:53 bin -> usr/bin
drwxr-xr-x.  14 root root 3.1K Mar  8 06:59 dev
drwxr-xr-x.  47 root root 4.0K Mar  8 06:59 etc
drwxr-xr-x.   2 root root    6 Apr 11  2018 home
-rwxr-xr-x.   1 root root  857 Jan  1  1970 install.sh
-rw-r--r--.   1 root root 2.8K Jan  1  1970 install.yaml
-rw-r--r--.   1 root root 5.6K Jan  1  1970 kubeconfig.kubeconfig
lrwxrwxrwx.   1 root root    7 Nov 13 01:53 lib -> usr/lib
lrwxrwxrwx.   1 root root    9 Nov 13 01:53 lib64 -> usr/lib64
drwxr-xr-x.   2 root root    6 Apr 11  2018 media
drwxr-xr-x.   2 root root    6 Apr 11  2018 mnt
-rw-r--r--.   1 root root   24 Jan  1  1970 namespace-file
-rw-r--r--.   1 root root    0 Jan  1  1970 namespace.yaml
drwxr-xr-x.   2 root root    6 Apr 11  2018 opt
-rw-r--r--.   1 root root  199 Jan  1  1970 param-file.txt
-rw-r--r--.   1 root root    0 Jan  1  1970 privileged-sa-list.txt
dr-xr-xr-x. 497 root root    0 Feb 23 04:02 proc
-rw-r--r--.   1 root root  460 Jan  1  1970 rbac.yaml
dr-xr-x---.   3 root root  126 Dec 14 20:54 root
drwxr-xr-x.  12 root root  184 Dec 14 21:13 run
lrwxrwxrwx.   1 root root    8 Nov 13 01:53 sbin -> usr/sbin
drwxr-xr-x.   2 root root    6 Apr 11  2018 srv
dr-xr-xr-x.  13 root root    0 Feb 23 04:02 sys
drwxrwxrwt.   7 root root  132 Dec 14 21:13 tmp
drwxr-xr-x.  13 root root  155 Nov 13 01:53 usr
drwxr-xr-x.  18 root root  238 Nov 13 01:54 var
namespace/openshift-core-operators configured
clusterrolebinding.rbac.authorization.k8s.io/system:openshift:operator:web-console reconciled
customresourcedefinition.apiextensions.k8s.io/openshiftwebconsoleconfigs.webconsole.operator.openshift.io created
configmap/openshift-web-console-operator-config created
deployment.apps/openshift-web-console-operator created
serviceaccount/openshift-web-console-operator created
openshiftwebconsoleconfig.webconsole.operator.openshift.io/instance created
